C51 COMPILER V8.12   BLINK                                                                 09/24/2014 13:05:52 PAGE 1   


C51 COMPILER V8.12, COMPILATION OF MODULE BLINK
OBJECT MODULE PLACED IN blink.OBJ
COMPILER INVOKED BY: C:\Keil\C51\BIN\C51.EXE blink.c BROWSE DEBUG OBJECTEXTEND

line level    source

   1          #include<reg51.h>
   2          sbit Led=P1^0;        //Initializing Port-1 Pin#1 as Led
   3          
   4          void delay(int value )   //Delay Function
   5          {
   6   1      int i,j;
   7   1       for(i=0;i<=value;i++)
   8   1       for(j=0;j<=5;j++);
   9   1      }
  10          
  11          void main()     //Main Function
  12          {
  13   1      P1=0x00;      //Initializing Port-1 as output
  14   1      
  15   1      while(1){        //While loop continuously running the logic in it
  16   2      Led=1;          //Led ON
  17   2      delay(500);   //Delay for some time
  18   2      Led=0;         //Led Off
  19   2      delay(500);  //Delay for some time
  20   2      }
  21   1      
  22   1      }


MODULE INFORMATION:   STATIC OVERLAYABLE
   CODE SIZE        =     57    ----
   CONSTANT SIZE    =   ----    ----
   XDATA SIZE       =   ----    ----
   PDATA SIZE       =   ----    ----
   DATA SIZE        =   ----    ----
   IDATA SIZE       =   ----    ----
   BIT SIZE         =   ----    ----
END OF MODULE INFORMATION.


C51 COMPILATION COMPLETE.  0 WARNING(S),  0 ERROR(S)
